Unity Editor version:    2020.3.28f1 (f5400f52e03f)
Branch:                  2020.3/staging
Build type:              Release
Batch mode:              YES
macOS version:           Version 13.3.1 (a) (Build 22E772610a)
Darwin version:          22.4.0
Architecture:            x86_64
Running under Rosetta:   NO
Available memory:        8192 MB
Using pre-set license
Pro License: NO

COMMAND LINE ARGUMENTS:
/Applications/Unity/Hub/Editor/2020.3.28f1/Unity.app/Contents/MacOS/Unity
-adb2
-batchMode
-noUpm
-name
AssetImportWorker0
-projectPath
/Users/santiagoavilaleyva/DeerPlanet
-logFile
Logs/AssetImportWorker0.log
-srvPort
49956
Successfully changed project path to: /Users/santiagoavilaleyva/DeerPlanet
/Users/santiagoavilaleyva/DeerPlanet
Using Asset Import Pipeline V2.
Refreshing native plugins compatible for Editor in 64.37 ms, found 3 plugins.
Preloading 0 native plugins for Editor in 0.00 ms.
Initialize engine version: 2020.3.28f1 (f5400f52e03f)
[Subsystems] Discovering subsystems at path /Applications/Unity/Hub/Editor/2020.3.28f1/Unity.app/Contents/Resources/UnitySubsystems
[Subsystems] Discovering subsystems at path /Users/santiagoavilaleyva/DeerPlanet/Assets
GfxDevice: creating device client; threaded=0
2024-01-13 18:48:05.612 Unity[6909:222686] Color LCD preferred device: Intel(R) Iris(TM) Plus Graphics 645 (low power)
2024-01-13 18:48:05.612 Unity[6909:222686] Metal devices available: 1
2024-01-13 18:48:05.612 Unity[6909:222686] 0: Intel(R) Iris(TM) Plus Graphics 645 (low power)
2024-01-13 18:48:05.613 Unity[6909:222686] Using device Intel(R) Iris(TM) Plus Graphics 645 (low power)
Initializing Metal device caps: Intel(R) Iris(TM) Plus Graphics 645
Initialize mono
Mono path[0] = '/Applications/Unity/Hub/Editor/2020.3.28f1/Unity.app/Contents/Managed'
Mono path[1] = '/Applications/Unity/Hub/Editor/2020.3.28f1/Unity.app/Contents/MonoBleedingEdge/lib/mono/unityjit'
Mono config path = '/Applications/Unity/Hub/Editor/2020.3.28f1/Unity.app/Contents/MonoBleedingEdge/etc'
Using monoOptions --debugger-agent=transport=dt_socket,embedding=1,server=y,suspend=n,address=127.0.0.1:56909
Begin MonoManager ReloadAssembly
Registering precompiled unity dll's ...
Register platform support module: /Applications/Unity/Hub/Editor/2020.3.28f1/Unity.app/Contents/PlaybackEngines/MacStandaloneSupport/UnityEditor.OSXStandalone.Extensions.dll
Registered in 0.000480 seconds.
Native extension for OSXStandalone target not found
Refreshing native plugins compatible for Editor in 57.80 ms, found 3 plugins.
Preloading 0 native plugins for Editor in 0.00 ms.
Mono: successfully reloaded assembly
- Completed reload, in  0.701 seconds
Domain Reload Profiling:
	ReloadAssembly (701ms)
		BeginReloadAssembly (58ms)
			ExecutionOrderSort (0ms)
			DisableScriptedObjects (0ms)
			BackupInstance (0ms)
			ReleaseScriptingObjects (0ms)
			CreateAndSetChildDomain (1ms)
		EndReloadAssembly (560ms)
			LoadAssemblies (57ms)
			RebuildTransferFunctionScriptingTraits (0ms)
			SetupTypeCache (199ms)
			ReleaseScriptCaches (0ms)
			RebuildScriptCaches (41ms)
			SetupLoadedEditorAssemblies (228ms)
				LogAssemblyErrors (0ms)
				InitializePlatformSupportModulesInManaged (5ms)
				SetLoadedEditorAssemblies (0ms)
				RefreshPlugins (58ms)
				BeforeProcessingInitializeOnLoad (26ms)
				ProcessInitializeOnLoadAttributes (101ms)
				ProcessInitializeOnLoadMethodAttributes (38ms)
				AfterProcessingInitializeOnLoad (0ms)
				EditorAssembliesLoaded (0ms)
			ExecutionOrderSort2 (0ms)
			AwakeInstancesAfterBackupRestoration (0ms)
Platform modules already initialized, skipping
Registering precompiled user dll's ...
Registered in 0.001719 seconds.
Begin MonoManager ReloadAssembly
Native extension for OSXStandalone target not found
Refreshing native plugins compatible for Editor in 67.64 ms, found 3 plugins.
Preloading 0 native plugins for Editor in 0.00 ms.
Mono: successfully reloaded assembly
- Completed reload, in  1.288 seconds
Domain Reload Profiling:
	ReloadAssembly (1290ms)
		BeginReloadAssembly (163ms)
			ExecutionOrderSort (0ms)
			DisableScriptedObjects (5ms)
			BackupInstance (0ms)
			ReleaseScriptingObjects (0ms)
			CreateAndSetChildDomain (32ms)
		EndReloadAssembly (1062ms)
			LoadAssemblies (85ms)
			RebuildTransferFunctionScriptingTraits (0ms)
			SetupTypeCache (373ms)
			ReleaseScriptCaches (0ms)
			RebuildScriptCaches (67ms)
			SetupLoadedEditorAssemblies (405ms)
				LogAssemblyErrors (0ms)
				InitializePlatformSupportModulesInManaged (4ms)
				SetLoadedEditorAssemblies (0ms)
				RefreshPlugins (68ms)
				BeforeProcessingInitializeOnLoad (85ms)
				ProcessInitializeOnLoadAttributes (230ms)
				ProcessInitializeOnLoadMethodAttributes (17ms)
				AfterProcessingInitializeOnLoad (1ms)
				EditorAssembliesLoaded (0ms)
			ExecutionOrderSort2 (0ms)
			AwakeInstancesAfterBackupRestoration (7ms)
Platform modules already initialized, skipping
Validating Project structure ... 0.009355 seconds.
Shader import version has changed; will reimport all shaders...
Upgrading shader files ...0.030660 seconds.
Application.AssetDatabase Initial Script Refresh Start
RefreshInfo: InitialScriptRefreshV2(NoUpdateAssetOptions) scanfilter:  ... 1 filters
RefreshProfiler: Total: 0.000ms
Application.AssetDatabase Initial Script Refresh End
Application.AssetDatabase.Refresh Start
Application.AssetDatabase.Refresh End
RefreshInfo: StopAssetImportingV2(ForceSynchronousImport) scanfilter: 
RefreshProfiler: Total: 0.000ms
Launching external process: /Applications/Unity/Hub/Editor/2020.3.28f1/Unity.app/Contents/Tools/UnityShaderCompiler
Launched and connected shader compiler UnityShaderCompiler after 0.02 seconds
Initializing Unity extensions:
2024-01-13 18:48:09.730 Unity[6909:222686] NSEventModifierFlagFunction specified to -setKeyEquivalentModifierMask: for item <NSMenuItem: 0x7fe18ed68a70 Font Asset, ke='Command-F12'>, but is only supported for system-provided menu items; will not be used
2024-01-13 18:48:09.734 Unity[6909:222686] NSEventModifierFlagFunction specified to -setKeyEquivalentModifierMask: for item <NSMenuItem: 0x7fe190ae82e0 Font Asset, ke='Command-F12'>, but is only supported for system-provided menu items; will not be used
========================================================================
Worker process is ready to serve import requests
Refreshing native plugins compatible for Editor in 0.61 ms, found 3 plugins.
Preloading 0 native plugins for Editor in 0.00 ms.
Unloading 2422 Unused Serialized files (Serialized files now loaded: 0)
System memory in use before: 102.0 MB.
System memory in use after: 101.4 MB.

Unloading 166 unused Assets to reduce memory usage. Loaded Objects now: 2884.
Total: 3.785967 ms (FindLiveObjects: 0.181760 ms CreateObjectMapping: 0.105967 ms MarkObjects: 2.962117 ms  DeleteObjects: 0.535430 ms)

AssetImportParameters requested are different than current active one (requested -> active):
  custom:video-decoder-ogg-theora: a1e56fd34408186e4bbccfd4996cb3dc -> 
  custom:container-muxer-webm: aa71ff27fc2769a1b78a27578f13a17b -> 
  custom:container-demuxer-webm: 4f35f7cbe854078d1ac9338744f61a02 -> 
  custom:container-demuxer-ogg: 62fdf1f143b41e24485cea50d1cbac27 -> 
  custom:video-encoder-webm-vp8: eb34c28f22e8b96e1ab97ce403110664 -> 
  custom:framework-osx-AVFoundation: e770b220cccbd017edd2c1fefb359320 -> 
  custom:video-decoder-webm-vp8: 9c59270c3fd7afecdb556c50c9e8de78 -> 
  custom:audio-decoder-ogg-vorbis: bf7c407c2cedff20999df2af8eb42d56 -> 
  custom:audio-encoder-webm-vorbis: bf7c407c2cedff20999df2af8eb42d56 -> 
========================================================================
Received Import Request.
  path: Assets/Barra de vida/Barra de vida.prefab
  artifactKey: Guid(3ade4f14440b99c4db9fdcc1aa97d6db) Importer(815301076,1909f56bfc062723c751e8b465ee728b)
Start importing Assets/Barra de vida/Barra de vida.prefab using Guid(3ade4f14440b99c4db9fdcc1aa97d6db) Importer(815301076,1909f56bfc062723c751e8b465ee728b)  -> (artifact id: 'c5532925754309e914d291ee49a21c95') in 0.217421 seconds 
  Import took 0.228234 seconds .

========================================================================
Received Import Request.
  Time since last request: 0.000388 seconds.
  path: Assets/Background/background.jpg
  artifactKey: Guid(426e5221ac161124c8acf952975f61a8) Importer(815301076,1909f56bfc062723c751e8b465ee728b)
Start importing Assets/Background/background.jpg using Guid(426e5221ac161124c8acf952975f61a8) Importer(815301076,1909f56bfc062723c751e8b465ee728b)  -> (artifact id: 'ecd90dc1c719c35007d9505efb35298f') in 0.256538 seconds 
  Import took 0.268384 seconds .

========================================================================
Received Import Request.
  Time since last request: 0.000345 seconds.
  path: Assets/Background/Fondo interior.png
  artifactKey: Guid(770dbe4e60883f2488752e50d1865631) Importer(815301076,1909f56bfc062723c751e8b465ee728b)
Start importing Assets/Background/Fondo interior.png using Guid(770dbe4e60883f2488752e50d1865631) Importer(815301076,1909f56bfc062723c751e8b465ee728b)  -> (artifact id: 'c283107f313083afd3085f12385c8828') in 0.212277 seconds 
  Import took 0.220718 seconds .

========================================================================
Received Import Request.
  Time since last request: 0.000310 seconds.
  path: Assets/Barra de vida/bgArtboard 14.png
  artifactKey: Guid(bd822fe2366ff4c479740a6ea6329a95) Importer(815301076,1909f56bfc062723c751e8b465ee728b)
Start importing Assets/Barra de vida/bgArtboard 14.png using Guid(bd822fe2366ff4c479740a6ea6329a95) Importer(815301076,1909f56bfc062723c751e8b465ee728b)  -> (artifact id: 'b9a8f37cb578bc2130f8f301b5fc02e3') in 0.019423 seconds 
  Import took 0.023446 seconds .

========================================================================
Received Import Request.
  Time since last request: 0.000320 seconds.
  path: Assets/Background/Mapa fondo.png
  artifactKey: Guid(eddac43cd5ba69744b527cae32d65473) Importer(815301076,1909f56bfc062723c751e8b465ee728b)
Start importing Assets/Background/Mapa fondo.png using Guid(eddac43cd5ba69744b527cae32d65473) Importer(815301076,1909f56bfc062723c751e8b465ee728b)  -> (artifact id: '4653ed81eff70325fbf3148bb5dc1d85') in 0.020614 seconds 
  Import took 0.025324 seconds .

========================================================================
Received Import Request.
  Time since last request: 0.000296 seconds.
  path: Assets/Background/Fondo exterior.png
  artifactKey: Guid(dd74e9ddc4dfa5448bb82e069bfd0165) Importer(815301076,1909f56bfc062723c751e8b465ee728b)
Start importing Assets/Background/Fondo exterior.png using Guid(dd74e9ddc4dfa5448bb82e069bfd0165) Importer(815301076,1909f56bfc062723c751e8b465ee728b)  -> (artifact id: 'f0fac627dd3db51709c604ece714513c') in 0.020042 seconds 
  Import took 0.024380 seconds .

========================================================================
Received Import Request.
  Time since last request: 0.000242 seconds.
  path: Assets/Background/background2.jpg
  artifactKey: Guid(fa86b167b9b1e654dbe42a37a7a725d0) Importer(815301076,1909f56bfc062723c751e8b465ee728b)
Start importing Assets/Background/background2.jpg using Guid(fa86b167b9b1e654dbe42a37a7a725d0) Importer(815301076,1909f56bfc062723c751e8b465ee728b)  -> (artifact id: '2131e828c15d4496dbb110c76733b6f6') in 0.024060 seconds 
  Import took 0.029499 seconds .

========================================================================
Received Import Request.
  Time since last request: 0.000347 seconds.
  path: Assets/Background/city_background.jpg
  artifactKey: Guid(a5e3ffe0416bff74dbd1bc8af2648a5e) Importer(815301076,1909f56bfc062723c751e8b465ee728b)
Start importing Assets/Background/city_background.jpg using Guid(a5e3ffe0416bff74dbd1bc8af2648a5e) Importer(815301076,1909f56bfc062723c751e8b465ee728b)  -> (artifact id: '1cca8c8fc95781354536076d577bea45') in 0.019241 seconds 
  Import took 0.024549 seconds .

========================================================================
Received Import Request.
  Time since last request: 0.000285 seconds.
  path: Assets/Background/suburbs_background.jpg
  artifactKey: Guid(53c8b3aad4a9de74a991866ce8638b0b) Importer(815301076,1909f56bfc062723c751e8b465ee728b)
Start importing Assets/Background/suburbs_background.jpg using Guid(53c8b3aad4a9de74a991866ce8638b0b) Importer(815301076,1909f56bfc062723c751e8b465ee728b)  -> (artifact id: '8d0c9b902c9d75fef31d4f203b4d6d4c') in 0.022803 seconds 
  Import took 0.028498 seconds .

========================================================================
Received Import Request.
  Time since last request: 0.000364 seconds.
  path: Assets/Barra de vida/bgArtboard 13.png
  artifactKey: Guid(366ae973f8f1141efac97c6186c6bff4) Importer(815301076,1909f56bfc062723c751e8b465ee728b)
Start importing Assets/Barra de vida/bgArtboard 13.png using Guid(366ae973f8f1141efac97c6186c6bff4) Importer(815301076,1909f56bfc062723c751e8b465ee728b)  -> (artifact id: '2382aea69551ccc0cf2c8781297e39d2') in 0.015162 seconds 
  Import took 0.020465 seconds .

========================================================================
Received Import Request.
  Time since last request: 0.000401 seconds.
  path: Assets/Background/Progress_Map.png
  artifactKey: Guid(ca1e7f521e8207e409935e653cd71989) Importer(815301076,1909f56bfc062723c751e8b465ee728b)
Start importing Assets/Background/Progress_Map.png using Guid(ca1e7f521e8207e409935e653cd71989) Importer(815301076,1909f56bfc062723c751e8b465ee728b)  -> (artifact id: 'ba533f41e6663a7ec324e63eca5cfbf6') in 0.019370 seconds 
  Import took 0.024675 seconds .

========================================================================
Received Import Request.
  Time since last request: 8.268474 seconds.
  path: Assets/Sprites/Plástico dañino/plastico1.png
  artifactKey: Guid(653b96ed086117241846602d378f085b) Importer(815301076,1909f56bfc062723c751e8b465ee728b)
Start importing Assets/Sprites/Plástico dañino/plastico1.png using Guid(653b96ed086117241846602d378f085b) Importer(815301076,1909f56bfc062723c751e8b465ee728b)  -> (artifact id: 'c909c37701556fd39d8183b044452b92') in 0.018290 seconds 
  Import took 0.025066 seconds .

========================================================================
Received Import Request.
  Time since last request: 0.000732 seconds.
  path: Assets/Sprites/Plástico dañino/plastico2.png
  artifactKey: Guid(2da79d96fec28c24eaf6a05b9afdd2f1) Importer(815301076,1909f56bfc062723c751e8b465ee728b)
Start importing Assets/Sprites/Plástico dañino/plastico2.png using Guid(2da79d96fec28c24eaf6a05b9afdd2f1) Importer(815301076,1909f56bfc062723c751e8b465ee728b)  -> (artifact id: '22757ffec288d0f151fb21ccbc289daf') in 0.027975 seconds 
  Import took 0.033485 seconds .

========================================================================
Received Import Request.
  Time since last request: 0.000324 seconds.
  path: Assets/Sprites/Plástico dañino/plastico3.png
  artifactKey: Guid(b24cce383084bd64797b949447824d12) Importer(815301076,1909f56bfc062723c751e8b465ee728b)
Start importing Assets/Sprites/Plástico dañino/plastico3.png using Guid(b24cce383084bd64797b949447824d12) Importer(815301076,1909f56bfc062723c751e8b465ee728b)  -> (artifact id: 'b8d2d88773a1a8c35543a42690f78cfa') in 0.029529 seconds 
  Import took 0.036773 seconds .

========================================================================
Received Import Request.
  Time since last request: 0.000391 seconds.
  path: Assets/Sprites/Plástico dañino/plastico4.png
  artifactKey: Guid(7277cefc65fdfe8429711dca01675a71) Importer(815301076,1909f56bfc062723c751e8b465ee728b)
Start importing Assets/Sprites/Plástico dañino/plastico4.png using Guid(7277cefc65fdfe8429711dca01675a71) Importer(815301076,1909f56bfc062723c751e8b465ee728b)  -> (artifact id: 'dec6729b6498c6c83f5d8f765d95a52a') in 0.033457 seconds 
  Import took 0.038424 seconds .

========================================================================
Received Import Request.
  Time since last request: 11.003462 seconds.
  path: Assets/Scenes/Niveles/a.prefab
  artifactKey: Guid(d778b44a5b0b19a48802c785e9a50fc2) Importer(815301076,1909f56bfc062723c751e8b465ee728b)
Start importing Assets/Scenes/Niveles/a.prefab using Guid(d778b44a5b0b19a48802c785e9a50fc2) Importer(815301076,1909f56bfc062723c751e8b465ee728b)  -> (artifact id: 'd0c90827dd0b11f8cd9c0627f38be09b') in 0.150918 seconds 
  Import took 0.157324 seconds .

========================================================================
Received Import Request.
  Time since last request: 0.000394 seconds.
  path: Assets/Scenes/Niveles/Level.scenetemplate
  artifactKey: Guid(b823aa09fb4a8da4e9537e766a24636a) Importer(815301076,1909f56bfc062723c751e8b465ee728b)
Start importing Assets/Scenes/Niveles/Level.scenetemplate using Guid(b823aa09fb4a8da4e9537e766a24636a) Importer(815301076,1909f56bfc062723c751e8b465ee728b)  -> (artifact id: '8d7efdf49d0f84f3d86ee901a7349a9d') in 1.738840 seconds 
  Import took 1.850989 seconds .

========================================================================
Received Prepare
Refreshing native plugins compatible for Editor in 18.24 ms, found 3 plugins.
Preloading 0 native plugins for Editor in 0.00 ms.
Unloading 25 Unused Serialized files (Serialized files now loaded: 0)
System memory in use before: 347.9 MB.
System memory in use after: 348.2 MB.

Unloading 25 unused Assets to reduce memory usage. Loaded Objects now: 2907.
Total: 6.513078 ms (FindLiveObjects: 0.266562 ms CreateObjectMapping: 0.138095 ms MarkObjects: 6.074046 ms  DeleteObjects: 0.033256 ms)

AssetImportParameters requested are different than current active one (requested -> active):
  custom:video-decoder-ogg-theora: a1e56fd34408186e4bbccfd4996cb3dc -> 
  custom:container-muxer-webm: aa71ff27fc2769a1b78a27578f13a17b -> 
  custom:container-demuxer-webm: 4f35f7cbe854078d1ac9338744f61a02 -> 
  custom:container-demuxer-ogg: 62fdf1f143b41e24485cea50d1cbac27 -> 
  custom:video-encoder-webm-vp8: eb34c28f22e8b96e1ab97ce403110664 -> 
  custom:framework-osx-AVFoundation: e770b220cccbd017edd2c1fefb359320 -> 
  custom:video-decoder-webm-vp8: 9c59270c3fd7afecdb556c50c9e8de78 -> 
  custom:audio-decoder-ogg-vorbis: bf7c407c2cedff20999df2af8eb42d56 -> 
  custom:audio-encoder-webm-vorbis: bf7c407c2cedff20999df2af8eb42d56 -> 
AssetImportWorkerClient::OnTransportError - code=2 error=End of file
